{"name": "test_login", "status": "broken", "statusDetails": {"message": "selenium.common.exceptions.TimeoutException: Message: \nStacktrace:\n\tGetHandleVerifier [0x0xa5c333+65459]\n\tGetHandleVerifier [0x0xa5c374+65524]\n\t(No symbol) [0x0x87d973]\n\t(No symbol) [0x0x8c76e7]\n\t(No symbol) [0x0x8c7a8b]\n\t(No symbol) [0x0x90dea2]\n\t(No symbol) [0x0x8e9e44]\n\t(No symbol) [0x0x90b606]\n\t(No symbol) [0x0x8e9bf6]\n\t(No symbol) [0x0x8bb38e]\n\t(No symbol) [0x0x8bc274]\n\tGetHandleVerifier [0x0xcdeda3+2697763]\n\tGetHandleVerifier [0x0xcd9ec7+2677575]\n\tGetHandleVerifier [0x0xa84194+228884]\n\tGetHandleVerifier [0x0xa749f8+165496]\n\tGetHandleVerifier [0x0xa7b18d+192013]\n\tGetHandleVerifier [0x0xa647d8+99416]\n\tGetHandleVerifier [0x0xa64972+99826]\n\tGetHandleVerifier [0x0xa4ebea+10346]\n\tBaseThreadInitThunk [0x0x760c5d49+25]\n\tRtlInitializeExceptionChain [0x0x779bd1ab+107]\n\tRtlGetAppContainerNamedObjectPath [0x0x779bd131+561]", "trace": "self = <testScripts.test_T16VcbcFacultySchedule.Test_VCBC_FacultySchedule object at 0x000002A451F57890>\nsetup = <selenium.webdriver.chrome.webdriver.WebDriver (session=\"c3f3ebf32a671744af25a4abd92d4d72\")>\n\n    @pytest.mark.order(1)\n    def test_login(self, setup):\n        self.elportal = setup\n        self.login(self.elportal)\n        self.logger.info(\"******** Verifying Add Learner by Search********\")\n        self.logger.info(\"******** Define the Job Driver********\")\n        self.vcb = VCBCPage(self.elportal)\n        windowsIDs = self.elportal.window_handles\n        parentwindowid = windowsIDs[0]\n        self.logger.info(\"******** Click User Menu Button ********\")\n        self.vcb.btnUser()\n        # self.elportal.find_element(By.XPATH, \"//button[normalize-space()='Auto Admin']\").click()\n        self.logger.info(\"******** Click Impersonate Button ********\")\n        self.vcb.btnImpersonate()\n        # self.elportal.find_element(By.XPATH, \"//button[normalize-space()='Impersonate']\").click()\n        self.logger.info(\"********Switch to the Impersonate A User Form********\")\n        self.elportal.switch_to.window(parentwindowid)\n        self.logger.info(\"********Enter the Faculty Email Address********\")\n        self.vcb.fieldImpersonateFaculty(self.faculty)\n        #self.elportal.find_element(By.XPATH, \"//input[@id='email']\").send_keys(\"faculty50@nightingale.test\")\n        self.logger.info(\"********Click the Impersonate Button to confirm ********\")\n        self.vcb.btnConfirmImpersonate()\n        #self.elportal.find_element(By.XPATH, \"//span[normalize-space()='Impersonate']\").click()\n        time.sleep(2)\n        self.logger.info(\"********Click the Impersonate Button to confirm ********\")\n        self.vcb.impersonateMyVCBC()\n        #self.elportal.find_element(By.XPATH, '//*[@id=\"sidebar\"]/div[2]/div/ul/li[3]/a/div/div').click()\n        self.logger.info(\"********Click the VCBC Session Name ********\")\n>       self.vcb.vcbcViewButton()\n\ntestScripts\\test_T16VcbcFacultySchedule.py:47: \n_ _ _ _ _ _ _ _ _ _ _ _ _ _ _ _ _ _ _ _ _ _ _ _ _ _ _ _ _ _ _ _ _ _ _ _ _ _ _ _ _ _ _ _ _ _ _ _ _ _ _ _ _ _ _ _ _ _ _ _ _ _ _ _ _ _ _ _ _ _ _ _ \nPages\\VCBCPage.py:274: in vcbcViewButton\n    WebDriverWait(self.elportal, 10).until(EC.element_to_be_clickable((By.XPATH, '//*[@id=\"f_vcbc_listing\"]/div[1]/pbody/div/table/tbody/tr[1]/td[5]/a'))).click()\n    ^^^^^^^^^^^^^^^^^^^^^^^^^^^^^^^^^^^^^^^^^^^^^^^^^^^^^^^^^^^^^^^^^^^^^^^^^^^^^^^^^^^^^^^^^^^^^^^^^^^^^^^^^^^^^^^^^^^^^^^^^^^^^^^^^^^^^^^^^^^^^^^^^^^^^^\n_ _ _ _ _ _ _ _ _ _ _ _ _ _ _ _ _ _ _ _ _ _ _ _ _ _ _ _ _ _ _ _ _ _ _ _ _ _ _ _ _ _ _ _ _ _ _ _ _ _ _ _ _ _ _ _ _ _ _ _ _ _ _ _ _ _ _ _ _ _ _ _ \n\nself = <selenium.webdriver.support.wait.WebDriverWait (session=\"c3f3ebf32a671744af25a4abd92d4d72\")>\nmethod = <function element_to_be_clickable.<locals>._predicate at 0x000002A451FBFD80>, message = ''\n\n    def until(self, method: Callable[[D], Union[Literal[False], T]], message: str = \"\") -> T:\n        \"\"\"Wait until the method returns a value that is not False.\n    \n        Calls the method provided with the driver as an argument until the\n        return value does not evaluate to ``False``.\n    \n        Parameters:\n        -----------\n        method: callable(WebDriver)\n            - A callable object that takes a WebDriver instance as an argument.\n    \n        message: str\n            - Optional message for :exc:`TimeoutException`\n    \n        Return:\n        -------\n        object: T\n            - The result of the last call to `method`\n    \n        Raises:\n        -------\n        TimeoutException\n            - If 'method' does not return a truthy value within the WebDriverWait\n            object's timeout\n    \n        Example:\n        --------\n        >>> from selenium.webdriver.common.by import By\n        >>> from selenium.webdriver.support.ui import WebDriverWait\n        >>> from selenium.webdriver.support import expected_conditions as EC\n    \n        # Wait until an element is visible on the page\n        >>> wait = WebDriverWait(driver, 10)\n        >>> element = wait.until(EC.visibility_of_element_located((By.ID, \"exampleId\")))\n        >>> print(element.text)\n        \"\"\"\n        screen = None\n        stacktrace = None\n    \n        end_time = time.monotonic() + self._timeout\n        while True:\n            try:\n                value = method(self._driver)\n                if value:\n                    return value\n            except self._ignored_exceptions as exc:\n                screen = getattr(exc, \"screen\", None)\n                stacktrace = getattr(exc, \"stacktrace\", None)\n            if time.monotonic() > end_time:\n                break\n            time.sleep(self._poll)\n>       raise TimeoutException(message, screen, stacktrace)\nE       selenium.common.exceptions.TimeoutException: Message: \nE       Stacktrace:\nE       \tGetHandleVerifier [0x0xa5c333+65459]\nE       \tGetHandleVerifier [0x0xa5c374+65524]\nE       \t(No symbol) [0x0x87d973]\nE       \t(No symbol) [0x0x8c76e7]\nE       \t(No symbol) [0x0x8c7a8b]\nE       \t(No symbol) [0x0x90dea2]\nE       \t(No symbol) [0x0x8e9e44]\nE       \t(No symbol) [0x0x90b606]\nE       \t(No symbol) [0x0x8e9bf6]\nE       \t(No symbol) [0x0x8bb38e]\nE       \t(No symbol) [0x0x8bc274]\nE       \tGetHandleVerifier [0x0xcdeda3+2697763]\nE       \tGetHandleVerifier [0x0xcd9ec7+2677575]\nE       \tGetHandleVerifier [0x0xa84194+228884]\nE       \tGetHandleVerifier [0x0xa749f8+165496]\nE       \tGetHandleVerifier [0x0xa7b18d+192013]\nE       \tGetHandleVerifier [0x0xa647d8+99416]\nE       \tGetHandleVerifier [0x0xa64972+99826]\nE       \tGetHandleVerifier [0x0xa4ebea+10346]\nE       \tBaseThreadInitThunk [0x0x760c5d49+25]\nE       \tRtlInitializeExceptionChain [0x0x779bd1ab+107]\nE       \tRtlGetAppContainerNamedObjectPath [0x0x779bd131+561]\n\n..\\..\\AppData\\Local\\Programs\\Python\\Python313\\Lib\\site-packages\\selenium\\webdriver\\support\\wait.py:138: TimeoutException"}, "attachments": [{"name": "log", "source": "d605b8a4-518b-4a37-9764-3402b9fc0a1c-attachment.txt", "type": "text/plain"}], "start": 1759871042390, "stop": 1759871064150, "uuid": "13d97cf3-b48b-4148-a0a7-d5248294bf32", "historyId": "c44831405d7c9c42204c08c4ae0411af", "testCaseId": "c44831405d7c9c42204c08c4ae0411af", "fullName": "test_T16VcbcFacultySchedule.Test_VCBC_FacultySchedule#test_login", "labels": [{"name": "suite", "value": "test_T16VcbcFacultySchedule"}, {"name": "subSuite", "value": "Test_VCBC_FacultySchedule"}, {"name": "host", "value": "NGC-4HG1R74"}, {"name": "thread", "value": "28804-MainThread"}, {"name": "framework", "value": "pytest"}, {"name": "language", "value": "cpython3"}, {"name": "package", "value": "test_T16VcbcFacultySchedule"}], "titlePath": ["test_T16VcbcFacultySchedule.py", "Test_VCBC_FacultySchedule"]}