{"name": "test_login", "status": "broken", "statusDetails": {"message": "selenium.common.exceptions.TimeoutException: Message: \nStacktrace:\n\tGetHandleVerifier [0x0xb8c333+65459]\n\tGetHandleVerifier [0x0xb8c374+65524]\n\t(No symbol) [0x0x9ad973]\n\t(No symbol) [0x0x9f76e7]\n\t(No symbol) [0x0x9f7a8b]\n\t(No symbol) [0x0xa3dea2]\n\t(No symbol) [0x0xa19e44]\n\t(No symbol) [0x0xa3b606]\n\t(No symbol) [0x0xa19bf6]\n\t(No symbol) [0x0x9eb38e]\n\t(No symbol) [0x0x9ec274]\n\tGetHandleVerifier [0x0xe0eda3+2697763]\n\tGetHandleVerifier [0x0xe09ec7+2677575]\n\tGetHandleVerifier [0x0xbb4194+228884]\n\tGetHandleVerifier [0x0xba49f8+165496]\n\tGetHandleVerifier [0x0xbab18d+192013]\n\tGetHandleVerifier [0x0xb947d8+99416]\n\tGetHandleVerifier [0x0xb94972+99826]\n\tGetHandleVerifier [0x0xb7ebea+10346]\n\tBaseThreadInitThunk [0x0x760c5d49+25]\n\tRtlInitializeExceptionChain [0x0x779bd1ab+107]\n\tRtlGetAppContainerNamedObjectPath [0x0x779bd131+561]", "trace": "self = <testScripts.test_T08SchedulingSrc.Test_Scheduling object at 0x000002C565837890>\nsetup = <selenium.webdriver.chrome.webdriver.WebDriver (session=\"ad2708f995965c254c4728383a9ad9b2\")>\n\n    @pytest.mark.order(1)\n    def test_login(self, setup):\n        self.elportal = setup\n        self.login(self.elportal)\n        self.logger.info(\"******** Define the LoginPage Driver ********\")\n        self.elp = LoginPage(self.elportal)\n    \n        self.logger.info(\"******** Verifying Scheduling Creation********\")\n        self.logger.info(\"******** Define the Job Driver********\")\n        self.dfc = DfcPage(self.elportal)\n        windowsIDs = self.elportal.window_handles\n        parentwindowid = windowsIDs[0]\n        self.logger.info(\"******** Click DFC Rotations Menu ********\")\n        self.dfc.clickDFC()\n        self.logger.info(\"******** Click Scheduling menu********\")\n        self.dfc.clickScheduling()\n        self.logger.info(\"******** Click Create Rotation Button********\")\n        self.dfc.createRotation()\n        self.logger.info(\"********Switch to the Create a DFC Rotation Form********\")\n        self.elportal.switch_to.window(parentwindowid)\n        self.logger.info(\"********Enter the Rotation Name********\")\n        self.dfc.rotationName(self.rotatename)\n        self.logger.info(\"******** Click the Site Dropdown********\")\n        # self.elportal.find_element(By.XPATH, \"//input[@id='asel_site-ts-control']\").send_keys(\"St Nicholas\")\n>       self.dfc.siteSearch(self.siteabbrev)\n\ntestScripts\\test_T08SchedulingSrc.py:49: \n_ _ _ _ _ _ _ _ _ _ _ _ _ _ _ _ _ _ _ _ _ _ _ _ _ _ _ _ _ _ _ _ _ _ _ _ _ _ _ _ _ _ _ _ _ _ _ _ _ _ _ _ _ _ _ _ _ _ _ _ _ _ _ _ _ _ _ _ _ _ _ _ \nPages\\DFCPage.py:43: in siteSearch\n    WebDriverWait(self.elportal, 10).until(EC.element_to_be_clickable((By.XPATH, \"//input[@id='asel_site-ts-control']\"))).send_keys(siteabbrev)\n    ^^^^^^^^^^^^^^^^^^^^^^^^^^^^^^^^^^^^^^^^^^^^^^^^^^^^^^^^^^^^^^^^^^^^^^^^^^^^^^^^^^^^^^^^^^^^^^^^^^^^^^^^^^^^^^^^^^^^^\n_ _ _ _ _ _ _ _ _ _ _ _ _ _ _ _ _ _ _ _ _ _ _ _ _ _ _ _ _ _ _ _ _ _ _ _ _ _ _ _ _ _ _ _ _ _ _ _ _ _ _ _ _ _ _ _ _ _ _ _ _ _ _ _ _ _ _ _ _ _ _ _ \n\nself = <selenium.webdriver.support.wait.WebDriverWait (session=\"ad2708f995965c254c4728383a9ad9b2\")>\nmethod = <function element_to_be_clickable.<locals>._predicate at 0x000002C5653DD760>, message = ''\n\n    def until(self, method: Callable[[D], Union[Literal[False], T]], message: str = \"\") -> T:\n        \"\"\"Wait until the method returns a value that is not False.\n    \n        Calls the method provided with the driver as an argument until the\n        return value does not evaluate to ``False``.\n    \n        Parameters:\n        -----------\n        method: callable(WebDriver)\n            - A callable object that takes a WebDriver instance as an argument.\n    \n        message: str\n            - Optional message for :exc:`TimeoutException`\n    \n        Return:\n        -------\n        object: T\n            - The result of the last call to `method`\n    \n        Raises:\n        -------\n        TimeoutException\n            - If 'method' does not return a truthy value within the WebDriverWait\n            object's timeout\n    \n        Example:\n        --------\n        >>> from selenium.webdriver.common.by import By\n        >>> from selenium.webdriver.support.ui import WebDriverWait\n        >>> from selenium.webdriver.support import expected_conditions as EC\n    \n        # Wait until an element is visible on the page\n        >>> wait = WebDriverWait(driver, 10)\n        >>> element = wait.until(EC.visibility_of_element_located((By.ID, \"exampleId\")))\n        >>> print(element.text)\n        \"\"\"\n        screen = None\n        stacktrace = None\n    \n        end_time = time.monotonic() + self._timeout\n        while True:\n            try:\n                value = method(self._driver)\n                if value:\n                    return value\n            except self._ignored_exceptions as exc:\n                screen = getattr(exc, \"screen\", None)\n                stacktrace = getattr(exc, \"stacktrace\", None)\n            if time.monotonic() > end_time:\n                break\n            time.sleep(self._poll)\n>       raise TimeoutException(message, screen, stacktrace)\nE       selenium.common.exceptions.TimeoutException: Message: \nE       Stacktrace:\nE       \tGetHandleVerifier [0x0xb8c333+65459]\nE       \tGetHandleVerifier [0x0xb8c374+65524]\nE       \t(No symbol) [0x0x9ad973]\nE       \t(No symbol) [0x0x9f76e7]\nE       \t(No symbol) [0x0x9f7a8b]\nE       \t(No symbol) [0x0xa3dea2]\nE       \t(No symbol) [0x0xa19e44]\nE       \t(No symbol) [0x0xa3b606]\nE       \t(No symbol) [0x0xa19bf6]\nE       \t(No symbol) [0x0x9eb38e]\nE       \t(No symbol) [0x0x9ec274]\nE       \tGetHandleVerifier [0x0xe0eda3+2697763]\nE       \tGetHandleVerifier [0x0xe09ec7+2677575]\nE       \tGetHandleVerifier [0x0xbb4194+228884]\nE       \tGetHandleVerifier [0x0xba49f8+165496]\nE       \tGetHandleVerifier [0x0xbab18d+192013]\nE       \tGetHandleVerifier [0x0xb947d8+99416]\nE       \tGetHandleVerifier [0x0xb94972+99826]\nE       \tGetHandleVerifier [0x0xb7ebea+10346]\nE       \tBaseThreadInitThunk [0x0x760c5d49+25]\nE       \tRtlInitializeExceptionChain [0x0x779bd1ab+107]\nE       \tRtlGetAppContainerNamedObjectPath [0x0x779bd131+561]\n\n..\\..\\AppData\\Local\\Programs\\Python\\Python313\\Lib\\site-packages\\selenium\\webdriver\\support\\wait.py:138: TimeoutException"}, "attachments": [{"name": "log", "source": "e9b12758-0421-4fd9-beaf-72e01e9a2994-attachment.txt", "type": "text/plain"}], "start": 1759774285930, "stop": 1759774320859, "uuid": "9e6c45d1-e5eb-44aa-a98a-87d3db9fdce9", "historyId": "f229b92142e2acaa3f2500987bccd3b5", "testCaseId": "f229b92142e2acaa3f2500987bccd3b5", "fullName": "test_T08SchedulingSrc.Test_Scheduling#test_login", "labels": [{"name": "suite", "value": "test_T08SchedulingSrc"}, {"name": "subSuite", "value": "Test_Scheduling"}, {"name": "host", "value": "NGC-4HG1R74"}, {"name": "thread", "value": "30828-MainThread"}, {"name": "framework", "value": "pytest"}, {"name": "language", "value": "cpython3"}, {"name": "package", "value": "test_T08SchedulingSrc"}], "titlePath": ["test_T08SchedulingSrc.py", "Test_Scheduling"]}