{"name": "test_login", "status": "broken", "statusDetails": {"message": "selenium.common.exceptions.TimeoutException: Message: \nStacktrace:\n\tGetHandleVerifier [0x0xc5fee3+66515]\n\tGetHandleVerifier [0x0xc5ff24+66580]\n\t(No symbol) [0x0xa4dc48]\n\t(No symbol) [0x0xa98704]\n\t(No symbol) [0x0xa98aab]\n\t(No symbol) [0x0xadf482]\n\t(No symbol) [0x0xabb214]\n\t(No symbol) [0x0xadcba7]\n\t(No symbol) [0x0xabafc6]\n\t(No symbol) [0x0xa8c2ca]\n\t(No symbol) [0x0xa8d154]\n\tGetHandleVerifier [0x0xeb7413+2521347]\n\tGetHandleVerifier [0x0xeb2393+2500739]\n\tGetHandleVerifier [0x0xc87d34+229924]\n\tGetHandleVerifier [0x0xc78298+165768]\n\tGetHandleVerifier [0x0xc7ed4d+193085]\n\tGetHandleVerifier [0x0xc681f8+100072]\n\tGetHandleVerifier [0x0xc68390+100480]\n\tGetHandleVerifier [0x0xc5264a+11066]\n\tBaseThreadInitThunk [0x0x756e5d49+25]\n\tRtlInitializeExceptionChain [0x0x77ccd1ab+107]\n\tRtlGetAppContainerNamedObjectPath [0x0x77ccd131+561]", "trace": "self = <testScripts.test_T19TaskTemplate.Test_Create_SOFES object at 0x0000015563473C50>\nsetup = <selenium.webdriver.chrome.webdriver.WebDriver (session=\"989ceda9c05862b23d982e050e692ea5\")>\n\n    @pytest.mark.order(1)\n    def test_login(self, setup):\n        self.elportal = setup\n        self.login(self.elportal)\n        self.logger.info(\"******** Define the LoginPage Driver ********\")\n        self.elp = LoginPage(self.elportal)\n    \n        self.logger.info(\"******** Verifying Scheduling Creation********\")\n        self.logger.info(\"******** Define the Job Driver********\")\n        self.dfc = DfcPage(self.elportal)\n        windowsIDs = self.elportal.window_handles\n        parentwindowid = windowsIDs[0]\n        self.logger.info(\"******** Click DFC Rotations Menu ********\")\n        self.dfc.clickDFC()\n        self.logger.info(\"******** Click SOFEs menu********\")\n        self.dfc.clickSOFE()\n        self.logger.info(\"******** Click Create SOFEs Button********\")\n>       self.dfc.createSOFE()\n\ntestScripts\\test_T19TaskTemplate.py:37: \n_ _ _ _ _ _ _ _ _ _ _ _ _ _ _ _ _ _ _ _ _ _ _ _ _ _ _ _ _ _ _ _ _ _ _ _ _ _ _ _ _ _ _ _ _ _ _ _ _ _ _ _ _ _ _ _ _ _ _ _ _ _ _ _ _ _ _ _ _ _ _ _ \nPages\\DFCPage.py:292: in createSOFE\n    WebDriverWait(self.elportal, 10).until(EC.element_to_be_clickable((By.XPATH, \"//button[@class='btn bg-gray-900 text-gray-100 hover:bg-gray-800']\"))).click()\n    ^^^^^^^^^^^^^^^^^^^^^^^^^^^^^^^^^^^^^^^^^^^^^^^^^^^^^^^^^^^^^^^^^^^^^^^^^^^^^^^^^^^^^^^^^^^^^^^^^^^^^^^^^^^^^^^^^^^^^^^^^^^^^^^^^^^^^^^^^^^^^^^^^^^^\n_ _ _ _ _ _ _ _ _ _ _ _ _ _ _ _ _ _ _ _ _ _ _ _ _ _ _ _ _ _ _ _ _ _ _ _ _ _ _ _ _ _ _ _ _ _ _ _ _ _ _ _ _ _ _ _ _ _ _ _ _ _ _ _ _ _ _ _ _ _ _ _ \n\nself = <selenium.webdriver.support.wait.WebDriverWait (session=\"989ceda9c05862b23d982e050e692ea5\")>\nmethod = <function element_to_be_clickable.<locals>._predicate at 0x0000015562E8D760>, message = ''\n\n    def until(self, method: Callable[[D], Union[Literal[False], T]], message: str = \"\") -> T:\n        \"\"\"Wait until the method returns a value that is not False.\n    \n        Calls the method provided with the driver as an argument until the\n        return value does not evaluate to ``False``.\n    \n        Parameters:\n        -----------\n        method: callable(WebDriver)\n            - A callable object that takes a WebDriver instance as an argument.\n    \n        message: str\n            - Optional message for :exc:`TimeoutException`\n    \n        Return:\n        -------\n        object: T\n            - The result of the last call to `method`\n    \n        Raises:\n        -------\n        TimeoutException\n            - If 'method' does not return a truthy value within the WebDriverWait\n            object's timeout\n    \n        Example:\n        --------\n        >>> from selenium.webdriver.common.by import By\n        >>> from selenium.webdriver.support.ui import WebDriverWait\n        >>> from selenium.webdriver.support import expected_conditions as EC\n    \n        # Wait until an element is visible on the page\n        >>> wait = WebDriverWait(driver, 10)\n        >>> element = wait.until(EC.visibility_of_element_located((By.ID, \"exampleId\")))\n        >>> print(element.text)\n        \"\"\"\n        screen = None\n        stacktrace = None\n    \n        end_time = time.monotonic() + self._timeout\n        while True:\n            try:\n                value = method(self._driver)\n                if value:\n                    return value\n            except self._ignored_exceptions as exc:\n                screen = getattr(exc, \"screen\", None)\n                stacktrace = getattr(exc, \"stacktrace\", None)\n            if time.monotonic() > end_time:\n                break\n            time.sleep(self._poll)\n>       raise TimeoutException(message, screen, stacktrace)\nE       selenium.common.exceptions.TimeoutException: Message: \nE       Stacktrace:\nE       \tGetHandleVerifier [0x0xc5fee3+66515]\nE       \tGetHandleVerifier [0x0xc5ff24+66580]\nE       \t(No symbol) [0x0xa4dc48]\nE       \t(No symbol) [0x0xa98704]\nE       \t(No symbol) [0x0xa98aab]\nE       \t(No symbol) [0x0xadf482]\nE       \t(No symbol) [0x0xabb214]\nE       \t(No symbol) [0x0xadcba7]\nE       \t(No symbol) [0x0xabafc6]\nE       \t(No symbol) [0x0xa8c2ca]\nE       \t(No symbol) [0x0xa8d154]\nE       \tGetHandleVerifier [0x0xeb7413+2521347]\nE       \tGetHandleVerifier [0x0xeb2393+2500739]\nE       \tGetHandleVerifier [0x0xc87d34+229924]\nE       \tGetHandleVerifier [0x0xc78298+165768]\nE       \tGetHandleVerifier [0x0xc7ed4d+193085]\nE       \tGetHandleVerifier [0x0xc681f8+100072]\nE       \tGetHandleVerifier [0x0xc68390+100480]\nE       \tGetHandleVerifier [0x0xc5264a+11066]\nE       \tBaseThreadInitThunk [0x0x756e5d49+25]\nE       \tRtlInitializeExceptionChain [0x0x77ccd1ab+107]\nE       \tRtlGetAppContainerNamedObjectPath [0x0x77ccd131+561]\n\n..\\..\\AppData\\Local\\Programs\\Python\\Python313\\Lib\\site-packages\\selenium\\webdriver\\support\\wait.py:138: TimeoutException"}, "attachments": [{"name": "log", "source": "02dd6eac-1ac8-4cb4-975a-52aad798c575-attachment.txt", "type": "text/plain"}], "start": 1759954976531, "stop": 1759954996401, "uuid": "9d9a33c4-cbdf-4c24-8b1a-2d8dda543bad", "historyId": "1c51a6897fa7c59402dfdaaa0e08b6f3", "testCaseId": "1c51a6897fa7c59402dfdaaa0e08b6f3", "fullName": "test_T19TaskTemplate.Test_Create_SOFES#test_login", "labels": [{"name": "suite", "value": "test_T19TaskTemplate"}, {"name": "subSuite", "value": "Test_Create_SOFES"}, {"name": "host", "value": "NGC-4HG1R74"}, {"name": "thread", "value": "29508-MainThread"}, {"name": "framework", "value": "pytest"}, {"name": "language", "value": "cpython3"}, {"name": "package", "value": "test_T19TaskTemplate"}], "titlePath": ["test_T19TaskTemplate.py", "Test_Create_SOFES"]}